#
# There is insufficient memory for the Java Runtime Environment to continue.
# Native memory allocation (malloc) failed to allocate 1514896 bytes for Chunk::new
# Possible reasons:
#   The system is out of physical RAM or swap space
#   In 32 bit mode, the process size limit was hit
# Possible solutions:
#   Reduce memory load on the system
#   Increase physical memory or swap space
#   Check if swap backing store is full
#   Use 64 bit Java on a 64 bit OS
#   Decrease Java heap size (-Xmx/-Xms)
#   Decrease number of Java threads
#   Decrease Java thread stack sizes (-Xss)
#   Set larger code cache with -XX:ReservedCodeCacheSize=
# This output file may be truncated or incomplete.
#
#  Out of Memory Error (allocation.cpp:390), pid=120308, tid=0x000000000001d418
#
# JRE version: OpenJDK Runtime Environment (8.0_152-b06) (build 1.8.0_152-release-1136-b06)
# Java VM: OpenJDK 64-Bit Server VM (25.152-b06 mixed mode windows-amd64 compressed oops)
# Failed to write core dump. Minidumps are not enabled by default on client versions of Windows
#

---------------  T H R E A D  ---------------

Current thread (0x00000000193a7800):  JavaThread "C2 CompilerThread2" daemon [_thread_in_native, id=119832, stack(0x0000000019c80000,0x0000000019d80000)]

Stack: [0x0000000019c80000,0x0000000019d80000]
[error occurred during error reporting (printing stack bounds), id 0xc0000005]

Native frames: (J=compiled Java code, j=interpreted, Vv=VM code, C=native code)


Current CompileTask:
C2:   4187 3224   !   4       java.lang.reflect.Executable::sharedToString (102 bytes)


---------------  P R O C E S S  ---------------

Java Threads: ( => current thread )
  0x000000001b1d6000 JavaThread "File lock request listener" [_thread_in_native, id=118876, stack(0x000000001d810000,0x000000001d910000)]
  0x000000001b691000 JavaThread "Stdin handler" [_thread_blocked, id=116560, stack(0x000000001d510000,0x000000001d610000)]
  0x000000001b690800 JavaThread "Asynchronous log dispatcher for DefaultDaemonConnection: socket connection from /127.0.0.1:51492 to /127.0.0.1:51493" [_thread_blocked, id=83816, stack(0x000000001d310000,0x000000001d410000)]
  0x000000001b357000 JavaThread "Daemon worker" [_thread_in_native, id=115688, stack(0x000000001d210000,0x000000001d310000)]
  0x000000001b671800 JavaThread "Cancel handler" [_thread_blocked, id=117148, stack(0x000000001d110000,0x000000001d210000)]
  0x000000001b35a800 JavaThread "pool-1-thread-1" [_thread_blocked, id=104744, stack(0x000000001d010000,0x000000001d110000)]
  0x000000001b036800 JavaThread "Handler for socket connection from /127.0.0.1:51492 to /127.0.0.1:51493" [_thread_in_native, id=117908, stack(0x000000001cf10000,0x000000001d010000)]
  0x000000001bb6a000 JavaThread "Daemon" [_thread_blocked, id=56588, stack(0x000000001ce10000,0x000000001cf10000)]
  0x000000001a89c800 JavaThread "Incoming local TCP Connector on port 51492" [_thread_in_native, id=120552, stack(0x000000001c820000,0x000000001c920000)]
  0x0000000019431000 JavaThread "Service Thread" daemon [_thread_blocked, id=119112, stack(0x0000000019e80000,0x0000000019f80000)]
  0x00000000193af800 JavaThread "C1 CompilerThread3" daemon [_thread_blocked, id=108568, stack(0x0000000019d80000,0x0000000019e80000)]
=>0x00000000193a7800 JavaThread "C2 CompilerThread2" daemon [_thread_in_native, id=119832, stack(0x0000000019c80000,0x0000000019d80000)]
  0x00000000193a3800 JavaThread "C2 CompilerThread1" daemon [_thread_in_native, id=113356, stack(0x0000000019b80000,0x0000000019c80000)]
  0x0000000017439000 JavaThread "C2 CompilerThread0" daemon [_thread_in_native, id=118792, stack(0x0000000019a80000,0x0000000019b80000)]
  0x000000001934d000 JavaThread "Attach Listener" daemon [_thread_blocked, id=119848, stack(0x0000000019980000,0x0000000019a80000)]
  0x000000001934c000 JavaThread "Signal Dispatcher" daemon [_thread_blocked, id=119432, stack(0x0000000019880000,0x0000000019980000)]
  0x0000000019330800 JavaThread "Finalizer" daemon [_thread_blocked, id=119968, stack(0x0000000019710000,0x0000000019810000)]
  0x0000000003667000 JavaThread "Reference Handler" daemon [_thread_blocked, id=120020, stack(0x0000000019210000,0x0000000019310000)]
  0x00000000030fd800 JavaThread "main" [_thread_blocked, id=120692, stack(0x0000000003470000,0x0000000003570000)]

Other Threads:
  0x0000000017427800 VMThread [stack: 0x0000000019110000,0x0000000019210000] [id=119692]
  0x0000000019444800 WatcherThread [stack: 0x0000000019f80000,0x000000001a080000] [id=114452]

VM state:not at safepoint (normal execution)

VM Mutex/Monitor currently owned by a thread: None

Heap:
 PSYoungGen      total 97280K, used 10387K [0x00000000e0000000, 0x00000000e9d00000, 0x0000000100000000)
  eden space 86528K, 12% used [0x00000000e0000000,0x00000000e0a24e98,0x00000000e5480000)
  from space 10752K, 0% used [0x00000000e5480000,0x00000000e5480000,0x00000000e5f00000)
  to   space 16384K, 0% used [0x00000000e8d00000,0x00000000e8d00000,0x00000000e9d00000)
 ParOldGen       total 124928K, used 19222K [0x00000000a0000000, 0x00000000a7a00000, 0x00000000e0000000)
  object space 124928K, 15% used [0x00000000a0000000,0x00000000a12c5a38,0x00000000a7a00000)
 Metaspace       used 35426K, capacity 36392K, committed 36864K, reserved 1081344K
  class space    used 4759K, capacity 5035K, committed 5120K, reserved 1048576K

Card table byte_map: [0x0000000012a30000,0x0000000012d40000] byte_map_base: 0x0000000012530000

Marking Bits: (ParMarkBitMap*) 0x0000000071735aa0
 Begin Bits: [0x0000000013740000, 0x0000000014f40000)
 End Bits:   [0x0000000014f40000, 0x0000000016740000)

Polling page: 0x0000000001890000

CodeCache: size=245760Kb used=12439Kb max_used=12439Kb free=233320Kb
 bounds [0x0000000003670000, 0x00000000042a0000, 0x0000000012670000]
 total_blobs=4178 nmethods=3464 adapters=627
 compilation: enabled

Compilation events (10 events):
Event: 4.173 Thread 0x00000000193af800 3475       3       org.gradle.api.internal.AsmBackedClassGenerator$ClassBuilderImpl::addGetter (50 bytes)
Event: 4.173 Thread 0x00000000193af800 nmethod 3475 0x000000000429cf50 code [0x000000000429d100, 0x000000000429d678]
Event: 4.173 Thread 0x00000000193af800 3476       3       org.objectweb.asm.Item::<init> (5 bytes)
Event: 4.173 Thread 0x00000000193af800 nmethod 3476 0x000000000429d910 code [0x000000000429da60, 0x000000000429dc10]
Event: 4.174 Thread 0x00000000193af800 3477       3       java.lang.StringBuffer::append (6 bytes)
Event: 4.174 Thread 0x00000000193af800 nmethod 3477 0x000000000429dcd0 code [0x000000000429de40, 0x000000000429e248]
Event: 4.174 Thread 0x00000000193af800 3478  s    3       java.lang.StringBuffer::append (13 bytes)
Event: 4.174 Thread 0x00000000193af800 nmethod 3478 0x000000000429e350 code [0x000000000429e4c0, 0x000000000429e7e8]
Event: 4.179 Thread 0x00000000193af800 3479       3       com.google.common.collect.LinkedHashMultimap$ValueEntry::<init> (18 bytes)
Event: 4.180 Thread 0x00000000193af800 nmethod 3479 0x000000000429e8d0 code [0x000000000429ea40, 0x000000000429ecf0]

GC Heap History (10 events):
Event: 1.979 GC heap before
{Heap before GC invocations=3 (full 1):
 PSYoungGen      total 76288K, used 10723K [0x00000000e0000000, 0x00000000e5500000, 0x0000000100000000)
  eden space 65536K, 0% used [0x00000000e0000000,0x00000000e0000000,0x00000000e4000000)
  from space 10752K, 99% used [0x00000000e4a80000,0x00000000e54f8f60,0x00000000e5500000)
  to   space 10752K, 0% used [0x00000000e4000000,0x00000000e4000000,0x00000000e4a80000)
 ParOldGen       total 175104K, used 2910K [0x00000000a0000000, 0x00000000aab00000, 0x00000000e0000000)
  object space 175104K, 1% used [0x00000000a0000000,0x00000000a02d78c0,0x00000000aab00000)
 Metaspace       used 20731K, capacity 21102K, committed 21296K, reserved 1067008K
  class space    used 2797K, capacity 2920K, committed 2944K, reserved 1048576K
Event: 2.004 GC heap after
Heap after GC invocations=3 (full 1):
 PSYoungGen      total 76288K, used 0K [0x00000000e0000000, 0x00000000e5500000, 0x0000000100000000)
  eden space 65536K, 0% used [0x00000000e0000000,0x00000000e0000000,0x00000000e4000000)
  from space 10752K, 0% used [0x00000000e4a80000,0x00000000e4a80000,0x00000000e5500000)
  to   space 10752K, 0% used [0x00000000e4000000,0x00000000e4000000,0x00000000e4a80000)
 ParOldGen       total 124928K, used 13089K [0x00000000a0000000, 0x00000000a7a00000, 0x00000000e0000000)
  object space 124928K, 10% used [0x00000000a0000000,0x00000000a0cc86e0,0x00000000a7a00000)
 Metaspace       used 20731K, capacity 21102K, committed 21296K, reserved 1067008K
  class space    used 2797K, capacity 2920K, committed 2944K, reserved 1048576K
}
Event: 2.839 GC heap before
{Heap before GC invocations=4 (full 1):
 PSYoungGen      total 76288K, used 65536K [0x00000000e0000000, 0x00000000e5500000, 0x0000000100000000)
  eden space 65536K, 100% used [0x00000000e0000000,0x00000000e4000000,0x00000000e4000000)
  from space 10752K, 0% used [0x00000000e4a80000,0x00000000e4a80000,0x00000000e5500000)
  to   space 10752K, 0% used [0x00000000e4000000,0x00000000e4000000,0x00000000e4a80000)
 ParOldGen       total 124928K, used 13089K [0x00000000a0000000, 0x00000000a7a00000, 0x00000000e0000000)
  object space 124928K, 10% used [0x00000000a0000000,0x00000000a0cc86e0,0x00000000a7a00000)
 Metaspace       used 26248K, capacity 26806K, committed 27008K, reserved 1073152K
  class space    used 3487K, capacity 3661K, committed 3712K, reserved 1048576K
Event: 2.842 GC heap after
Heap after GC invocations=4 (full 1):
 PSYoungGen      total 76288K, used 6819K [0x00000000e0000000, 0x00000000e6980000, 0x0000000100000000)
  eden space 65536K, 0% used [0x00000000e0000000,0x00000000e0000000,0x00000000e4000000)
  from space 10752K, 63% used [0x00000000e4000000,0x00000000e46a8f38,0x00000000e4a80000)
  to   space 10752K, 0% used [0x00000000e5f00000,0x00000000e5f00000,0x00000000e6980000)
 ParOldGen       total 124928K, used 13097K [0x00000000a0000000, 0x00000000a7a00000, 0x00000000e0000000)
  object space 124928K, 10% used [0x00000000a0000000,0x00000000a0cca6e0,0x00000000a7a00000)
 Metaspace       used 26248K, capacity 26806K, committed 27008K, reserved 1073152K
  class space    used 3487K, capacity 3661K, committed 3712K, reserved 1048576K
}
Event: 3.724 GC heap before
{Heap before GC invocations=5 (full 1):
 PSYoungGen      total 76288K, used 72355K [0x00000000e0000000, 0x00000000e6980000, 0x0000000100000000)
  eden space 65536K, 100% used [0x00000000e0000000,0x00000000e4000000,0x00000000e4000000)
  from space 10752K, 63% used [0x00000000e4000000,0x00000000e46a8f38,0x00000000e4a80000)
  to   space 10752K, 0% used [0x00000000e5f00000,0x00000000e5f00000,0x00000000e6980000)
 ParOldGen       total 124928K, used 13097K [0x00000000a0000000, 0x00000000a7a00000, 0x00000000e0000000)
  object space 124928K, 10% used [0x00000000a0000000,0x00000000a0cca6e0,0x00000000a7a00000)
 Metaspace       used 30269K, capacity 31112K, committed 31360K, reserved 1077248K
  class space    used 4135K, capacity 4413K, committed 4480K, reserved 1048576K
Event: 3.730 GC heap after
Heap after GC invocations=5 (full 1):
 PSYoungGen      total 97280K, used 10722K [0x00000000e0000000, 0x00000000e6a00000, 0x0000000100000000)
  eden space 86528K, 0% used [0x00000000e0000000,0x00000000e0000000,0x00000000e5480000)
  from space 10752K, 99% used [0x00000000e5f00000,0x00000000e69789d8,0x00000000e6980000)
  to   space 10752K, 0% used [0x00000000e5480000,0x00000000e5480000,0x00000000e5f00000)
 ParOldGen       total 124928K, used 13659K [0x00000000a0000000, 0x00000000a7a00000, 0x00000000e0000000)
  object space 124928K, 10% used [0x00000000a0000000,0x00000000a0d56f70,0x00000000a7a00000)
 Metaspace       used 30269K, capacity 31112K, committed 31360K, reserved 1077248K
  class space    used 4135K, capacity 4413K, committed 4480K, reserved 1048576K
}
Event: 4.035 GC heap before
{Heap before GC invocations=6 (full 1):
 PSYoungGen      total 97280K, used 68579K [0x00000000e0000000, 0x00000000e6a00000, 0x0000000100000000)
  eden space 86528K, 66% used [0x00000000e0000000,0x00000000e38805a0,0x00000000e5480000)
  from space 10752K, 99% used [0x00000000e5f00000,0x00000000e69789d8,0x00000000e6980000)
  to   space 10752K, 0% used [0x00000000e5480000,0x00000000e5480000,0x00000000e5f00000)
 ParOldGen       total 124928K, used 13659K [0x00000000a0000000, 0x00000000a7a00000, 0x00000000e0000000)
  object space 124928K, 10% used [0x00000000a0000000,0x00000000a0d56f70,0x00000000a7a00000)
 Metaspace       used 34470K, capacity 35334K, committed 35496K, reserved 1079296K
  class space    used 4628K, capacity 4864K, committed 4864K, reserved 1048576K
Event: 4.044 GC heap after
Heap after GC invocations=6 (full 1):
 PSYoungGen      total 97280K, used 10745K [0x00000000e0000000, 0x00000000e9d00000, 0x0000000100000000)
  eden space 86528K, 0% used [0x00000000e0000000,0x00000000e0000000,0x00000000e5480000)
  from space 10752K, 99% used [0x00000000e5480000,0x00000000e5efe530,0x00000000e5f00000)
  to   space 16384K, 0% used [0x00000000e8d00000,0x00000000e8d00000,0x00000000e9d00000)
 ParOldGen       total 124928K, used 15650K [0x00000000a0000000, 0x00000000a7a00000, 0x00000000e0000000)
  object space 124928K, 12% used [0x00000000a0000000,0x00000000a0f48aa0,0x00000000a7a00000)
 Metaspace       used 34470K, capacity 35334K, committed 35496K, reserved 1079296K
  class space    used 4628K, capacity 4864K, committed 4864K, reserved 1048576K
}
Event: 4.044 GC heap before
{Heap before GC invocations=7 (full 2):
 PSYoungGen      total 97280K, used 10745K [0x00000000e0000000, 0x00000000e9d00000, 0x0000000100000000)
  eden space 86528K, 0% used [0x00000000e0000000,0x00000000e0000000,0x00000000e5480000)
  from space 10752K, 99% used [0x00000000e5480000,0x00000000e5efe530,0x00000000e5f00000)
  to   space 16384K, 0% used [0x00000000e8d00000,0x00000000e8d00000,0x00000000e9d00000)
 ParOldGen       total 124928K, used 15650K [0x00000000a0000000, 0x00000000a7a00000, 0x00000000e0000000)
  object space 124928K, 12% used [0x00000000a0000000,0x00000000a0f48aa0,0x00000000a7a00000)
 Metaspace       used 34470K, capacity 35334K, committed 35496K, reserved 1079296K
  class space    used 4628K, capacity 4864K, committed 4864K, reserved 1048576K
Event: 4.099 GC heap after
Heap after GC invocations=7 (full 2):
 PSYoungGen      total 97280K, used 0K [0x00000000e0000000, 0x00000000e9d00000, 0x0000000100000000)
  eden space 86528K, 0% used [0x00000000e0000000,0x00000000e0000000,0x00000000e5480000)
  from space 10752K, 0% used [0x00000000e5480000,0x00000000e5480000,0x00000000e5f00000)
  to   space 16384K, 0% used [0x00000000e8d00000,0x00000000e8d00000,0x00000000e9d00000)
 ParOldGen       total 124928K, used 19222K [0x00000000a0000000, 0x00000000a7a00000, 0x00000000e0000000)
  object space 124928K, 15% used [0x00000000a0000000,0x00000000a12c5a38,0x00000000a7a00000)
 Metaspace       used 34470K, capacity 35334K, committed 35496K, reserved 1079296K
  class space    used 4628K, capacity 4864K, committed 4864K, reserved 1048576K
}

Deoptimization events (10 events):
Event: 3.763 Thread 0x000000001b357000 Uncommon trap: reason=unstable_if action=reinterpret pc=0x0000000003dfbc7c method=java.util.regex.Pattern.has(I)Z @ 6
Event: 3.837 Thread 0x000000001b357000 Uncommon trap: reason=bimorphic action=maybe_recompile pc=0x0000000003b4caf0 method=java.security.MessageDigest$Delegate.engineUpdate([BII)V @ 7
Event: 3.837 Thread 0x000000001b357000 Uncommon trap: reason=bimorphic action=maybe_recompile pc=0x0000000003b4caf0 method=java.security.MessageDigest$Delegate.engineUpdate([BII)V @ 7
Event: 3.932 Thread 0x000000001b357000 Uncommon trap: reason=unstable_if action=reinterpret pc=0x0000000003fe2c8c method=java.net.URLClassLoader.isSealed(Ljava/lang/String;Ljava/util/jar/Manifest;)Z @ 26
Event: 3.933 Thread 0x000000001b357000 Uncommon trap: reason=unstable_if action=reinterpret pc=0x0000000004045844 method=java.net.URLClassLoader.isSealed(Ljava/lang/String;Ljava/util/jar/Manifest;)Z @ 26
Event: 3.939 Thread 0x000000001b357000 Uncommon trap: reason=unstable_if action=reinterpret pc=0x0000000003b426c4 method=java.util.HashMap.putVal(ILjava/lang/Object;Ljava/lang/Object;ZZ)Ljava/lang/Object; @ 162
Event: 3.939 Thread 0x000000001b357000 Uncommon trap: reason=unstable_if action=reinterpret pc=0x000000000400437c method=java.util.HashMap.putVal(ILjava/lang/Object;Ljava/lang/Object;ZZ)Ljava/lang/Object; @ 162
Event: 3.940 Thread 0x000000001b357000 Uncommon trap: reason=unstable_if action=reinterpret pc=0x0000000003904530 method=java.util.HashMap.resize()[Ljava/util/HashMap$Node; @ 206
Event: 3.983 Thread 0x000000001b357000 Uncommon trap: reason=unstable_if action=reinterpret pc=0x00000000041c9034 method=java.lang.reflect.Modifier.toString(I)Ljava/lang/String; @ 123
Event: 3.983 Thread 0x000000001b357000 Uncommon trap: reason=unstable_if action=reinterpret pc=0x00000000041a7734 method=java.lang.reflect.Modifier.toString(I)Ljava/lang/String; @ 123

Classes redefined (0 events):
No events

Internal exceptions (10 events):
Event: 3.671 Thread 0x000000001b357000 Exception <a 'java/lang/ClassNotFoundException': org/gradle/api/internal/ConventionTaskBeanInfo> (0x00000000e39541d8) thrown at [D:\src\AOSP-openjdk-cygwin\jdk8u\hotspot\src\share\vm\classfile\systemDictionary.cpp, line 210]
Event: 3.672 Thread 0x000000001b357000 Exception <a 'java/lang/ClassNotFoundException': org/gradle/api/DefaultTaskBeanInfo> (0x00000000e3974550) thrown at [D:\src\AOSP-openjdk-cygwin\jdk8u\hotspot\src\share\vm\classfile\systemDictionary.cpp, line 210]
Event: 3.672 Thread 0x000000001b357000 Exception <a 'java/lang/ClassNotFoundException': org/gradle/api/internal/AbstractTaskBeanInfo> (0x00000000e399ac68) thrown at [D:\src\AOSP-openjdk-cygwin\jdk8u\hotspot\src\share\vm\classfile\systemDictionary.cpp, line 210]
Event: 3.672 Thread 0x000000001b357000 Exception <a 'java/lang/ClassNotFoundException': org/gradle/api/internal/AbstractTaskCustomizer> (0x00000000e39c1e58) thrown at [D:\src\AOSP-openjdk-cygwin\jdk8u\hotspot\src\share\vm\classfile\systemDictionary.cpp, line 210]
Event: 3.674 Thread 0x000000001b357000 Exception <a 'java/lang/ClassNotFoundException': org/gradle/api/DefaultTaskCustomizer> (0x00000000e3a41388) thrown at [D:\src\AOSP-openjdk-cygwin\jdk8u\hotspot\src\share\vm\classfile\systemDictionary.cpp, line 210]
Event: 3.674 Thread 0x000000001b357000 Exception <a 'java/lang/ClassNotFoundException': org/gradle/api/internal/ConventionTaskCustomizer> (0x00000000e3a77608) thrown at [D:\src\AOSP-openjdk-cygwin\jdk8u\hotspot\src\share\vm\classfile\systemDictionary.cpp, line 210]
Event: 3.675 Thread 0x000000001b357000 Exception <a 'java/lang/ClassNotFoundException': org/gradle/api/tasks/DeleteCustomizer> (0x00000000e3aab550) thrown at [D:\src\AOSP-openjdk-cygwin\jdk8u\hotspot\src\share\vm\classfile\systemDictionary.cpp, line 210]
Event: 3.675 Thread 0x000000001b357000 Exception <a 'java/lang/ClassNotFoundException': org/gradle/api/tasks/Delete_DecoratedCustomizer> (0x00000000e3aeaab0) thrown at [D:\src\AOSP-openjdk-cygwin\jdk8u\hotspot\src\share\vm\classfile\systemDictionary.cpp, line 210]
Event: 3.693 Thread 0x000000001b357000 Exception <a 'java/lang/ClassNotFoundException': build_649ffy3lmgfhu9rwusk4r4mb2BeanInfo> (0x00000000e3bde060) thrown at [D:\src\AOSP-openjdk-cygwin\jdk8u\hotspot\src\share\vm\classfile\systemDictionary.cpp, line 210]
Event: 3.693 Thread 0x000000001b357000 Exception <a 'java/lang/ClassNotFoundException': build_649ffy3lmgfhu9rwusk4r4mb2Customizer> (0x00000000e3beff18) thrown at [D:\src\AOSP-openjdk-cygwin\jdk8u\hotspot\src\share\vm\classfile\systemDictionary.cpp, line 210]

Events (10 events):
Event: 4.183 loading class com/google/common/collect/SingletonImmutableSet
Event: 4.183 loading class com/google/common/collect/SingletonImmutableSet done
Event: 4.184 loading class com/google/common/collect/RegularImmutableSet
Event: 4.184 loading class com/google/common/collect/RegularImmutableSet done
Event: 4.184 loading class com/google/common/collect/ImmutableSet$Builder
Event: 4.184 loading class com/google/common/collect/ImmutableSet$Builder done
Event: 4.184 loading class com/google/common/collect/Platform
Event: 4.184 loading class com/google/common/collect/Platform done
Event: 4.185 loading class com/google/common/collect/Hashing
Event: 4.185 loading class com/google/common/collect/Hashing done


Dynamic libraries:
0x00007ff7f79f0000 - 0x00007ff7f7a21000 	F:\as\jre\bin\java.exe
0x00007ff8a06c0000 - 0x00007ff8a08a1000 	C:\WINDOWS\SYSTEM32\ntdll.dll
0x00007ff89da00000 - 0x00007ff89dab2000 	C:\WINDOWS\System32\KERNEL32.DLL
0x00007ff89cab0000 - 0x00007ff89cd23000 	C:\WINDOWS\System32\KERNELBASE.dll
0x00007ff89f4d0000 - 0x00007ff89f571000 	C:\WINDOWS\System32\ADVAPI32.dll
0x00007ff8a0170000 - 0x00007ff8a020e000 	C:\WINDOWS\System32\msvcrt.dll
0x00007ff8a0380000 - 0x00007ff8a03db000 	C:\WINDOWS\System32\sechost.dll
0x00007ff89fa00000 - 0x00007ff89fb24000 	C:\WINDOWS\System32\RPCRT4.dll
0x00007ff89f630000 - 0x00007ff89f7c0000 	C:\WINDOWS\System32\USER32.dll
0x00007ff89ca90000 - 0x00007ff89cab0000 	C:\WINDOWS\System32\win32u.dll
0x00007ff89fef0000 - 0x00007ff89ff18000 	C:\WINDOWS\System32\GDI32.dll
0x00007ff89cd30000 - 0x00007ff89cec2000 	C:\WINDOWS\System32\gdi32full.dll
0x00007ff89d8b0000 - 0x00007ff89d94f000 	C:\WINDOWS\System32\msvcp_win.dll
0x00007ff89d7b0000 - 0x00007ff89d8aa000 	C:\WINDOWS\System32\ucrtbase.dll
0x00007ff8915f0000 - 0x00007ff891859000 	C:\WINDOWS\WinSxS\amd64_microsoft.windows.common-controls_6595b64144ccf1df_6.0.17134.407_none_fb449d63306391e9\COMCTL32.dll
0x00007ff89fb30000 - 0x00007ff89fe52000 	C:\WINDOWS\System32\combase.dll
0x00007ff89ca10000 - 0x00007ff89ca8a000 	C:\WINDOWS\System32\bcryptPrimitives.dll
0x00007ff89f600000 - 0x00007ff89f62d000 	C:\WINDOWS\System32\IMM32.DLL
0x0000000073c70000 - 0x0000000073d42000 	F:\as\jre\jre\bin\msvcr100.dll
0x0000000070f70000 - 0x00000000717b1000 	F:\as\jre\jre\bin\server\jvm.dll
0x00007ff89c9e0000 - 0x00007ff89ca03000 	C:\WINDOWS\System32\WINMM.dll
0x00007ff89c760000 - 0x00007ff89c78a000 	C:\WINDOWS\System32\WINMMBASE.dll
0x00007ff89c7a0000 - 0x00007ff89c7e9000 	C:\WINDOWS\System32\cfgmgr32.dll
0x00007ff890bd0000 - 0x00007ff890bd9000 	C:\WINDOWS\SYSTEM32\WSOCK32.dll
0x00007ff89dad0000 - 0x00007ff89db3c000 	C:\WINDOWS\System32\WS2_32.dll
0x00007ff89f9f0000 - 0x00007ff89f9f8000 	C:\WINDOWS\System32\PSAPI.DLL
0x00007ff89b420000 - 0x00007ff89b42a000 	C:\WINDOWS\SYSTEM32\VERSION.dll
0x00007ff89b430000 - 0x00007ff89b43f000 	F:\as\jre\jre\bin\verify.dll
0x00007ff88ea20000 - 0x00007ff88ea49000 	F:\as\jre\jre\bin\java.dll
0x00007ff8913e0000 - 0x00007ff8913f6000 	F:\as\jre\jre\bin\zip.dll
0x00007ff89db40000 - 0x00007ff89ef7f000 	C:\WINDOWS\System32\SHELL32.dll
0x00007ff8a00c0000 - 0x00007ff8a0169000 	C:\WINDOWS\System32\shcore.dll
0x00007ff89cf80000 - 0x00007ff89d68d000 	C:\WINDOWS\System32\windows.storage.dll
0x00007ff89d9a0000 - 0x00007ff89d9f1000 	C:\WINDOWS\System32\shlwapi.dll
0x00007ff89c6f0000 - 0x00007ff89c701000 	C:\WINDOWS\System32\kernel.appcore.dll
0x00007ff89c730000 - 0x00007ff89c74f000 	C:\WINDOWS\System32\profapi.dll
0x00007ff89d950000 - 0x00007ff89d99c000 	C:\WINDOWS\System32\powrprof.dll
0x00007ff89c750000 - 0x00007ff89c75a000 	C:\WINDOWS\System32\FLTLIB.DLL
0x00007ff8906d0000 - 0x00007ff8906ea000 	F:\as\jre\jre\bin\net.dll
0x00007ff89bf70000 - 0x00007ff89bfd6000 	C:\WINDOWS\system32\mswsock.dll
0x00007ff88ec90000 - 0x00007ff88eca1000 	F:\as\jre\jre\bin\nio.dll
0x00007ff897a20000 - 0x00007ff897a3e000 	C:\Users\hf\.gradle\native\23\windows-amd64\native-platform.dll
0x00007ff89c120000 - 0x00007ff89c137000 	C:\WINDOWS\SYSTEM32\CRYPTSP.dll
0x00007ff89bb50000 - 0x00007ff89bb83000 	C:\WINDOWS\system32\rsaenh.dll
0x00007ff89c250000 - 0x00007ff89c275000 	C:\WINDOWS\SYSTEM32\bcrypt.dll
0x00007ff89c620000 - 0x00007ff89c648000 	C:\WINDOWS\SYSTEM32\USERENV.dll
0x00007ff89c140000 - 0x00007ff89c14b000 	C:\WINDOWS\SYSTEM32\CRYPTBASE.dll
0x00007ff89bcf0000 - 0x00007ff89bd28000 	C:\WINDOWS\SYSTEM32\IPHLPAPI.DLL
0x00007ff89dac0000 - 0x00007ff89dac8000 	C:\WINDOWS\System32\NSI.dll
0x00007ff8964b0000 - 0x00007ff8964c6000 	C:\WINDOWS\SYSTEM32\dhcpcsvc6.DLL
0x00007ff896490000 - 0x00007ff8964aa000 	C:\WINDOWS\SYSTEM32\dhcpcsvc.DLL
0x00007ff897df0000 - 0x00007ff897dfd000 	F:\as\jre\jre\bin\management.dll

VM Arguments:
jvm_args: -Xmx1536m -Dfile.encoding=GBK -Duser.country=CN -Duser.language=zh -Duser.variant 
java_command: org.gradle.launcher.daemon.bootstrap.GradleDaemon 3.3
java_class_path (initial): C:\Users\hf\.gradle\wrapper\dists\gradle-3.3-all\7nykk4k6egium8fkyx09av4va\gradle-3.3\lib\gradle-launcher-3.3.jar
Launcher Type: SUN_STANDARD

Environment Variables:
JAVA_HOME=F:\Program Files\Java\jdk1.8.0
CLASSPATH=.;F:\Program Files\Java\jdk1.8.0\lib\dt.jar;F:\Program Files\Java\jdk1.8.0\lib\tools.jar
PATH=C:\Program Files (x86)\Common Files\Oracle\Java\javapath;C:\WINDOWS\system32;C:\WINDOWS;C:\WINDOWS\System32\Wbem;C:\WINDOWS\System32\WindowsPowerShell\v1.0\;F:\Program Files\Java\jdk1.8.0\bin;F:\SDK\platform-tools;F:\Program Files\TortoiseGit\bin;f:\Program Files\MySQL\MySQL Server 5.5\bin;C:\WINDOWS\System32\OpenSSH\;F:\Program Files\TortoiseSVN\bin;F:\Program Files\Git\cmd;C:\Program Files\OpenVPN\bin;E:\apache-maven-3.3.9\bin;C:\Users\hf\AppData\Local\Microsoft\WindowsApps;;F:\Program Files\ssh;C:\Users\hf\AppData\Local\Programs\Microsoft VS Code\bin
USERNAME=hf
OS=Windows_NT
PROCESSOR_IDENTIFIER=Intel64 Family 6 Model 158 Stepping 9, GenuineIntel



---------------  S Y S T E M  ---------------

OS: Windows 10.0 , 64 bit Build 17134 (10.0.17134.1)

CPU:total 8 (initial active 8) (4 cores per cpu, 2 threads per core) family 6 model 158 stepping 9, cmov, cx8, fxsr, mmx, sse, sse2, sse3, ssse3, sse4.1, sse4.2, popcnt, avx, avx2, aes, clmul, erms, rtm, 3dnowpref, lzcnt, ht, tsc, tscinvbit, bmi1, bmi2, adx

Memory: 4k page, physical 16704048k(4593080k free), swap 67035696k(5544k free)

vm_info: OpenJDK 64-Bit Server VM (25.152-b06) for windows-amd64 JRE (1.8.0_152-release-1136-b06), built by "builder" with MS VC++ 10.0 (VS2010)

time: Fri Nov 30 16:11:25 2018
elapsed time: 4 seconds (0d 0h 0m 4s)

