#
# There is insufficient memory for the Java Runtime Environment to continue.
# Native memory allocation (malloc) failed to allocate 1751856 bytes for Chunk::new
# Possible reasons:
#   The system is out of physical RAM or swap space
#   In 32 bit mode, the process size limit was hit
# Possible solutions:
#   Reduce memory load on the system
#   Increase physical memory or swap space
#   Check if swap backing store is full
#   Use 64 bit Java on a 64 bit OS
#   Decrease Java heap size (-Xmx/-Xms)
#   Decrease number of Java threads
#   Decrease Java thread stack sizes (-Xss)
#   Set larger code cache with -XX:ReservedCodeCacheSize=
# This output file may be truncated or incomplete.
#
#  Out of Memory Error (allocation.cpp:390), pid=112116, tid=0x000000000001d4e0
#
# JRE version: OpenJDK Runtime Environment (8.0_152-b06) (build 1.8.0_152-release-1136-b06)
# Java VM: OpenJDK 64-Bit Server VM (25.152-b06 mixed mode windows-amd64 compressed oops)
# Failed to write core dump. Minidumps are not enabled by default on client versions of Windows
#

---------------  T H R E A D  ---------------

Current thread (0x00000000192e1000):  JavaThread "C2 CompilerThread2" daemon [_thread_in_native, id=120032, stack(0x0000000019bb0000,0x0000000019cb0000)]

Stack: [0x0000000019bb0000,0x0000000019cb0000]
[error occurred during error reporting (printing stack bounds), id 0xc0000005]

Native frames: (J=compiled Java code, j=interpreted, Vv=VM code, C=native code)


Current CompileTask:
C2:  13392 8042   !   4       org.gradle.api.internal.AbstractClassGenerator::generateUnderLock (1055 bytes)


---------------  P R O C E S S  ---------------

Java Threads: ( => current thread )
  0x000000001db10000 JavaThread "File lock request listener" [_thread_in_native, id=119372, stack(0x000000001eaa0000,0x000000001eba0000)]
  0x000000001afbc000 JavaThread "Stdin handler" [_thread_blocked, id=120572, stack(0x000000001d400000,0x000000001d500000)]
  0x000000001afb8800 JavaThread "Asynchronous log dispatcher for DefaultDaemonConnection: socket connection from /127.0.0.1:51428 to /127.0.0.1:51429" [_thread_blocked, id=120144, stack(0x000000001d200000,0x000000001d300000)]
  0x000000001ae04000 JavaThread "Daemon worker" [_thread_in_native, id=119592, stack(0x000000001d100000,0x000000001d200000)]
  0x000000001ae03000 JavaThread "Cancel handler" [_thread_blocked, id=62904, stack(0x000000001d000000,0x000000001d100000)]
  0x000000001b029000 JavaThread "pool-1-thread-1" [_thread_blocked, id=119860, stack(0x000000001cf00000,0x000000001d000000)]
  0x000000001b027000 JavaThread "Handler for socket connection from /127.0.0.1:51428 to /127.0.0.1:51429" [_thread_in_native, id=65652, stack(0x000000001ce00000,0x000000001cf00000)]
  0x000000001b025800 JavaThread "Daemon" [_thread_blocked, id=118936, stack(0x000000001cd00000,0x000000001ce00000)]
  0x000000001a9f0000 JavaThread "Incoming local TCP Connector on port 51428" [_thread_in_native, id=15552, stack(0x000000001c950000,0x000000001ca50000)]
  0x000000001936e000 JavaThread "Service Thread" daemon [_thread_blocked, id=118564, stack(0x0000000019db0000,0x0000000019eb0000)]
  0x00000000192e7000 JavaThread "C1 CompilerThread3" daemon [_thread_blocked, id=97912, stack(0x0000000019cb0000,0x0000000019db0000)]
=>0x00000000192e1000 JavaThread "C2 CompilerThread2" daemon [_thread_in_native, id=120032, stack(0x0000000019bb0000,0x0000000019cb0000)]
  0x000000001738d800 JavaThread "C2 CompilerThread1" daemon [_thread_in_native, id=114616, stack(0x0000000019ab0000,0x0000000019bb0000)]
  0x0000000017389800 JavaThread "C2 CompilerThread0" daemon [_thread_blocked, id=116292, stack(0x00000000199b0000,0x0000000019ab0000)]
  0x00000000192e0000 JavaThread "Attach Listener" daemon [_thread_blocked, id=77904, stack(0x00000000198b0000,0x00000000199b0000)]
  0x0000000019276800 JavaThread "Signal Dispatcher" daemon [_thread_blocked, id=119444, stack(0x00000000197b0000,0x00000000198b0000)]
  0x00000000035be800 JavaThread "Finalizer" daemon [_thread_blocked, id=120236, stack(0x0000000019650000,0x0000000019750000)]
  0x00000000035b7000 JavaThread "Reference Handler" daemon [_thread_blocked, id=120000, stack(0x0000000019150000,0x0000000019250000)]
  0x00000000034bd800 JavaThread "main" [_thread_blocked, id=120288, stack(0x00000000033b0000,0x00000000034b0000)]

Other Threads:
  0x0000000017378000 VMThread [stack: 0x0000000019050000,0x0000000019150000] [id=119928]
  0x0000000019377000 WatcherThread [stack: 0x0000000019eb0000,0x0000000019fb0000] [id=119920]

VM state:not at safepoint (normal execution)

VM Mutex/Monitor currently owned by a thread: None

Heap:
 PSYoungGen      total 182272K, used 96239K [0x00000000e0000000, 0x00000000ecd00000, 0x0000000100000000)
  eden space 162304K, 59% used [0x00000000e0000000,0x00000000e5dfbe68,0x00000000e9e80000)
  from space 19968K, 0% used [0x00000000e9e80000,0x00000000e9e80000,0x00000000eb200000)
  to   space 15360K, 0% used [0x00000000eb200000,0x00000000eb200000,0x00000000ec100000)
 ParOldGen       total 201728K, used 46517K [0x00000000a0000000, 0x00000000ac500000, 0x00000000e0000000)
  object space 201728K, 23% used [0x00000000a0000000,0x00000000a2d6d7b8,0x00000000ac500000)
 Metaspace       used 58545K, capacity 61270K, committed 61464K, reserved 1101824K
  class space    used 7712K, capacity 8204K, committed 8216K, reserved 1048576K

Card table byte_map: [0x0000000012980000,0x0000000012c90000] byte_map_base: 0x0000000012480000

Marking Bits: (ParMarkBitMap*) 0x0000000071735aa0
 Begin Bits: [0x0000000013690000, 0x0000000014e90000)
 End Bits:   [0x0000000014e90000, 0x0000000016690000)

Polling page: 0x0000000001690000

CodeCache: size=245760Kb used=27851Kb max_used=27874Kb free=217908Kb
 bounds [0x00000000035c0000, 0x0000000005110000, 0x00000000125c0000]
 total_blobs=8838 nmethods=8072 adapters=678
 compilation: enabled

Compilation events (10 events):
Event: 13.315 Thread 0x00000000192e7000 nmethod 8739 0x00000000050f6ed0 code [0x00000000050f7500, 0x00000000050fbd18]
Event: 13.315 Thread 0x00000000192e7000 8737       3       org.gradle.cache.internal.btree.ByteInput::done (6 bytes)
Event: 13.315 Thread 0x00000000192e7000 nmethod 8737 0x00000000050ff410 code [0x00000000050ff560, 0x00000000050ff6d0]
Event: 13.354 Thread 0x0000000017389800 nmethod 8698 0x0000000005106190 code [0x00000000051065a0, 0x000000000510a190]
Event: 13.354 Thread 0x0000000017389800 8733       4       java.util.AbstractCollection::containsAll (38 bytes)
Event: 13.354 Thread 0x0000000017389800 nmethod 8733 0x0000000005103090 code [0x00000000051031e0, 0x00000000051032d8]
Event: 13.355 Thread 0x0000000017389800 8741       4       sun.misc.PerfCounter::addElapsedTimeFrom (10 bytes)
Event: 13.356 Thread 0x0000000017389800 nmethod 8741 0x0000000005104710 code [0x0000000005104860, 0x0000000005104ad8]
Event: 13.356 Thread 0x0000000017389800 8734       4       com.google.common.io.CountingInputStream::read (25 bytes)
Event: 13.357 Thread 0x0000000017389800 nmethod 8734 0x0000000005103f50 code [0x00000000051040a0, 0x0000000005104548]

GC Heap History (10 events):
Event: 8.263 GC heap before
{Heap before GC invocations=8 (full 2):
 PSYoungGen      total 99328K, used 88576K [0x00000000e0000000, 0x00000000e9080000, 0x0000000100000000)
  eden space 88576K, 100% used [0x00000000e0000000,0x00000000e5680000,0x00000000e5680000)
  from space 10752K, 0% used [0x00000000e5680000,0x00000000e5680000,0x00000000e6100000)
  to   space 14848K, 0% used [0x00000000e8200000,0x00000000e8200000,0x00000000e9080000)
 ParOldGen       total 201728K, used 17561K [0x00000000a0000000, 0x00000000ac500000, 0x00000000e0000000)
  object space 201728K, 8% used [0x00000000a0000000,0x00000000a1126700,0x00000000ac500000)
 Metaspace       used 40164K, capacity 41136K, committed 41472K, reserved 1085440K
  class space    used 5279K, capacity 5539K, committed 5632K, reserved 1048576K
Event: 8.271 GC heap after
Heap after GC invocations=8 (full 2):
 PSYoungGen      total 133120K, used 9258K [0x00000000e0000000, 0x00000000e9580000, 0x0000000100000000)
  eden space 118272K, 0% used [0x00000000e0000000,0x00000000e0000000,0x00000000e7380000)
  from space 14848K, 62% used [0x00000000e8200000,0x00000000e8b0aa28,0x00000000e9080000)
  to   space 14848K, 0% used [0x00000000e7380000,0x00000000e7380000,0x00000000e8200000)
 ParOldGen       total 201728K, used 17569K [0x00000000a0000000, 0x00000000ac500000, 0x00000000e0000000)
  object space 201728K, 8% used [0x00000000a0000000,0x00000000a1128700,0x00000000ac500000)
 Metaspace       used 40164K, capacity 41136K, committed 41472K, reserved 1085440K
  class space    used 5279K, capacity 5539K, committed 5632K, reserved 1048576K
}
Event: 9.214 GC heap before
{Heap before GC invocations=9 (full 2):
 PSYoungGen      total 133120K, used 127530K [0x00000000e0000000, 0x00000000e9580000, 0x0000000100000000)
  eden space 118272K, 100% used [0x00000000e0000000,0x00000000e7380000,0x00000000e7380000)
  from space 14848K, 62% used [0x00000000e8200000,0x00000000e8b0aa28,0x00000000e9080000)
  to   space 14848K, 0% used [0x00000000e7380000,0x00000000e7380000,0x00000000e8200000)
 ParOldGen       total 201728K, used 17569K [0x00000000a0000000, 0x00000000ac500000, 0x00000000e0000000)
  object space 201728K, 8% used [0x00000000a0000000,0x00000000a1128700,0x00000000ac500000)
 Metaspace       used 46631K, capacity 47786K, committed 48000K, reserved 1091584K
  class space    used 6102K, capacity 6435K, committed 6528K, reserved 1048576K
Event: 9.223 GC heap after
Heap after GC invocations=9 (full 2):
 PSYoungGen      total 133120K, used 12949K [0x00000000e0000000, 0x00000000ec100000, 0x0000000100000000)
  eden space 118272K, 0% used [0x00000000e0000000,0x00000000e0000000,0x00000000e7380000)
  from space 14848K, 87% used [0x00000000e7380000,0x00000000e8025618,0x00000000e8200000)
  to   space 15360K, 0% used [0x00000000eb200000,0x00000000eb200000,0x00000000ec100000)
 ParOldGen       total 201728K, used 17577K [0x00000000a0000000, 0x00000000ac500000, 0x00000000e0000000)
  object space 201728K, 8% used [0x00000000a0000000,0x00000000a112a700,0x00000000ac500000)
 Metaspace       used 46631K, capacity 47786K, committed 48000K, reserved 1091584K
  class space    used 6102K, capacity 6435K, committed 6528K, reserved 1048576K
}
Event: 10.520 GC heap before
{Heap before GC invocations=10 (full 2):
 PSYoungGen      total 133120K, used 131221K [0x00000000e0000000, 0x00000000ec100000, 0x0000000100000000)
  eden space 118272K, 100% used [0x00000000e0000000,0x00000000e7380000,0x00000000e7380000)
  from space 14848K, 87% used [0x00000000e7380000,0x00000000e8025618,0x00000000e8200000)
  to   space 15360K, 0% used [0x00000000eb200000,0x00000000eb200000,0x00000000ec100000)
 ParOldGen       total 201728K, used 17577K [0x00000000a0000000, 0x00000000ac500000, 0x00000000e0000000)
  object space 201728K, 8% used [0x00000000a0000000,0x00000000a112a700,0x00000000ac500000)
 Metaspace       used 54147K, capacity 56142K, committed 56320K, reserved 1097728K
  class space    used 7166K, capacity 7632K, committed 7680K, reserved 1048576K
Event: 10.535 GC heap after
Heap after GC invocations=10 (full 2):
 PSYoungGen      total 177664K, used 15331K [0x00000000e0000000, 0x00000000ecd00000, 0x0000000100000000)
  eden space 162304K, 0% used [0x00000000e0000000,0x00000000e0000000,0x00000000e9e80000)
  from space 15360K, 99% used [0x00000000eb200000,0x00000000ec0f8cc8,0x00000000ec100000)
  to   space 19968K, 0% used [0x00000000e9e80000,0x00000000e9e80000,0x00000000eb200000)
 ParOldGen       total 201728K, used 24388K [0x00000000a0000000, 0x00000000ac500000, 0x00000000e0000000)
  object space 201728K, 12% used [0x00000000a0000000,0x00000000a17d12b0,0x00000000ac500000)
 Metaspace       used 54147K, capacity 56142K, committed 56320K, reserved 1097728K
  class space    used 7166K, capacity 7632K, committed 7680K, reserved 1048576K
}
Event: 11.885 GC heap before
{Heap before GC invocations=11 (full 2):
 PSYoungGen      total 177664K, used 117786K [0x00000000e0000000, 0x00000000ecd00000, 0x0000000100000000)
  eden space 162304K, 63% used [0x00000000e0000000,0x00000000e640de00,0x00000000e9e80000)
  from space 15360K, 99% used [0x00000000eb200000,0x00000000ec0f8cc8,0x00000000ec100000)
  to   space 19968K, 0% used [0x00000000e9e80000,0x00000000e9e80000,0x00000000eb200000)
 ParOldGen       total 201728K, used 24388K [0x00000000a0000000, 0x00000000ac500000, 0x00000000e0000000)
  object space 201728K, 12% used [0x00000000a0000000,0x00000000a17d12b0,0x00000000ac500000)
 Metaspace       used 56705K, capacity 59114K, committed 59160K, reserved 1099776K
  class space    used 7446K, capacity 7947K, committed 7960K, reserved 1048576K
Event: 11.899 GC heap after
Heap after GC invocations=11 (full 2):
 PSYoungGen      total 182272K, used 19952K [0x00000000e0000000, 0x00000000ecd00000, 0x0000000100000000)
  eden space 162304K, 0% used [0x00000000e0000000,0x00000000e0000000,0x00000000e9e80000)
  from space 19968K, 99% used [0x00000000e9e80000,0x00000000eb1fc018,0x00000000eb200000)
  to   space 15360K, 0% used [0x00000000eb200000,0x00000000eb200000,0x00000000ec100000)
 ParOldGen       total 201728K, used 32667K [0x00000000a0000000, 0x00000000ac500000, 0x00000000e0000000)
  object space 201728K, 16% used [0x00000000a0000000,0x00000000a1fe6c80,0x00000000ac500000)
 Metaspace       used 56705K, capacity 59114K, committed 59160K, reserved 1099776K
  class space    used 7446K, capacity 7947K, committed 7960K, reserved 1048576K
}
Event: 11.899 GC heap before
{Heap before GC invocations=12 (full 3):
 PSYoungGen      total 182272K, used 19952K [0x00000000e0000000, 0x00000000ecd00000, 0x0000000100000000)
  eden space 162304K, 0% used [0x00000000e0000000,0x00000000e0000000,0x00000000e9e80000)
  from space 19968K, 99% used [0x00000000e9e80000,0x00000000eb1fc018,0x00000000eb200000)
  to   space 15360K, 0% used [0x00000000eb200000,0x00000000eb200000,0x00000000ec100000)
 ParOldGen       total 201728K, used 32667K [0x00000000a0000000, 0x00000000ac500000, 0x00000000e0000000)
  object space 201728K, 16% used [0x00000000a0000000,0x00000000a1fe6c80,0x00000000ac500000)
 Metaspace       used 56705K, capacity 59114K, committed 59160K, reserved 1099776K
  class space    used 7446K, capacity 7947K, committed 7960K, reserved 1048576K
Event: 12.069 GC heap after
Heap after GC invocations=12 (full 3):
 PSYoungGen      total 182272K, used 0K [0x00000000e0000000, 0x00000000ecd00000, 0x0000000100000000)
  eden space 162304K, 0% used [0x00000000e0000000,0x00000000e0000000,0x00000000e9e80000)
  from space 19968K, 0% used [0x00000000e9e80000,0x00000000e9e80000,0x00000000eb200000)
  to   space 15360K, 0% used [0x00000000eb200000,0x00000000eb200000,0x00000000ec100000)
 ParOldGen       total 201728K, used 46517K [0x00000000a0000000, 0x00000000ac500000, 0x00000000e0000000)
  object space 201728K, 23% used [0x00000000a0000000,0x00000000a2d6d7b8,0x00000000ac500000)
 Metaspace       used 56678K, capacity 59026K, committed 59160K, reserved 1099776K
  class space    used 7438K, capacity 7939K, committed 7960K, reserved 1048576K
}

Deoptimization events (10 events):
Event: 12.287 Thread 0x000000001ae04000 Uncommon trap: reason=class_check action=maybe_recompile pc=0x0000000004ecb79c method=org.gradle.api.internal.project.taskfactory.DefaultTaskClassValidatorExtractor$DefaultTaskPropertyActionContext.getAnnotation(Ljava/lang/Class;)Ljava/lang/annotation/Ann
Event: 12.287 Thread 0x000000001ae04000 Uncommon trap: reason=class_check action=maybe_recompile pc=0x0000000004ecb79c method=org.gradle.api.internal.project.taskfactory.DefaultTaskClassValidatorExtractor$DefaultTaskPropertyActionContext.getAnnotation(Ljava/lang/Class;)Ljava/lang/annotation/Ann
Event: 12.287 Thread 0x000000001ae04000 Uncommon trap: reason=class_check action=maybe_recompile pc=0x0000000004ecb79c method=org.gradle.api.internal.project.taskfactory.DefaultTaskClassValidatorExtractor$DefaultTaskPropertyActionContext.getAnnotation(Ljava/lang/Class;)Ljava/lang/annotation/Ann
Event: 12.287 Thread 0x000000001ae04000 Uncommon trap: reason=class_check action=maybe_recompile pc=0x0000000004ecb79c method=org.gradle.api.internal.project.taskfactory.DefaultTaskClassValidatorExtractor$DefaultTaskPropertyActionContext.getAnnotation(Ljava/lang/Class;)Ljava/lang/annotation/Ann
Event: 13.003 Thread 0x000000001ae04000 Uncommon trap: reason=unstable_if action=reinterpret pc=0x0000000004f32158 method=com.sun.org.apache.xerces.internal.impl.XMLDocumentFragmentScannerImpl$FragmentContentDriver.next()I @ 2226
Event: 13.004 Thread 0x000000001ae04000 Uncommon trap: reason=unstable_if action=reinterpret pc=0x0000000004a17c04 method=com.sun.org.apache.xerces.internal.dom.DeferredDocumentImpl.getChunkIndex([[III)I @ 3
Event: 13.061 Thread 0x000000001ae04000 Uncommon trap: reason=predicate action=maybe_recompile pc=0x000000000395dff0 method=org.gradle.internal.logging.text.AbstractLineChoppingStyledTextOutput.doAppend(Ljava/lang/String;)V @ 10
Event: 13.123 Thread 0x000000001ae04000 Uncommon trap: reason=unstable_if action=reinterpret pc=0x0000000004fee238 method=groovy.lang.MetaClassImpl.filterPropertyMethod(Ljava/lang/Object;ZZ)Ljava/lang/Object; @ 187
Event: 13.181 Thread 0x000000001ae04000 Uncommon trap: reason=unstable_if action=reinterpret pc=0x0000000004d12c84 method=java.lang.String.lastIndexOf([CII[CIII)I @ 118
Event: 13.236 Thread 0x000000001ae04000 Uncommon trap: reason=unstable_if action=reinterpret pc=0x0000000004c86ef8 method=java.io.WinNTFileSystem.parentOrNull(Ljava/lang/String;)Ljava/lang/String; @ 76

Classes redefined (0 events):
No events

Internal exceptions (10 events):
Event: 13.125 Thread 0x000000001ae04000 Exception <a 'java/lang/ClassNotFoundException': org/jetbrains/plugins/gradle/model/ear/EarConfigurationBeanInfo> (0x00000000e43434c8) thrown at [D:\src\AOSP-openjdk-cygwin\jdk8u\hotspot\src\share\vm\classfile\systemDictionary.cpp, line 210]
Event: 13.125 Thread 0x000000001ae04000 Exception <a 'java/lang/ClassNotFoundException': org/jetbrains/plugins/gradle/model/ear/EarConfigurationCustomizer> (0x00000000e4351b98) thrown at [D:\src\AOSP-openjdk-cygwin\jdk8u\hotspot\src\share\vm\classfile\systemDictionary.cpp, line 210]
Event: 13.126 Thread 0x000000001ae04000 Exception <a 'java/lang/ClassNotFoundException': org/jetbrains/plugins/gradle/model/scala/ScalaModelBeanInfo> (0x00000000e438ab70) thrown at [D:\src\AOSP-openjdk-cygwin\jdk8u\hotspot\src\share\vm\classfile\systemDictionary.cpp, line 210]
Event: 13.126 Thread 0x000000001ae04000 Exception <a 'java/lang/ClassNotFoundException': org/jetbrains/plugins/gradle/model/scala/ScalaModelCustomizer> (0x00000000e4398c70) thrown at [D:\src\AOSP-openjdk-cygwin\jdk8u\hotspot\src\share\vm\classfile\systemDictionary.cpp, line 210]
Event: 13.127 Thread 0x000000001ae04000 Exception <a 'java/lang/ClassNotFoundException': org/jetbrains/plugins/gradle/model/ExternalProjectBeanInfo> (0x00000000e43c1550) thrown at [D:\src\AOSP-openjdk-cygwin\jdk8u\hotspot\src\share\vm\classfile\systemDictionary.cpp, line 210]
Event: 13.127 Thread 0x000000001ae04000 Exception <a 'java/lang/ClassNotFoundException': org/jetbrains/plugins/gradle/model/ExternalProjectCustomizer> (0x00000000e43cf350) thrown at [D:\src\AOSP-openjdk-cygwin\jdk8u\hotspot\src\share\vm\classfile\systemDictionary.cpp, line 210]
Event: 13.128 Thread 0x000000001ae04000 Exception <a 'java/lang/ClassNotFoundException': org/jetbrains/plugins/gradle/model/ExternalProjectPreviewBeanInfo> (0x00000000e440b040) thrown at [D:\src\AOSP-openjdk-cygwin\jdk8u\hotspot\src\share\vm\classfile\systemDictionary.cpp, line 210]
Event: 13.128 Thread 0x000000001ae04000 Exception <a 'java/lang/ClassNotFoundException': org/jetbrains/plugins/gradle/model/ExternalProjectPreviewCustomizer> (0x00000000e4419eb0) thrown at [D:\src\AOSP-openjdk-cygwin\jdk8u\hotspot\src\share\vm\classfile\systemDictionary.cpp, line 210]
Event: 13.129 Thread 0x000000001ae04000 Exception <a 'java/lang/ClassNotFoundException': org/jetbrains/plugins/gradle/model/IntelliJProjectSettingsBeanInfo> (0x00000000e4448740) thrown at [D:\src\AOSP-openjdk-cygwin\jdk8u\hotspot\src\share\vm\classfile\systemDictionary.cpp, line 210]
Event: 13.129 Thread 0x000000001ae04000 Exception <a 'java/lang/ClassNotFoundException': org/jetbrains/plugins/gradle/model/IntelliJProjectSettingsCustomizer> (0x00000000e44575c0) thrown at [D:\src\AOSP-openjdk-cygwin\jdk8u\hotspot\src\share\vm\classfile\systemDictionary.cpp, line 210]

Events (10 events):
Event: 13.334 loading class javax/net/ssl/TrustManagerFactory$1
Event: 13.335 loading class javax/net/ssl/TrustManagerFactory$1 done
Event: 13.335 loading class javax/net/ssl/TrustManagerFactorySpi
Event: 13.335 loading class javax/net/ssl/TrustManagerFactorySpi done
Event: 13.335 loading class sun/security/rsa/SunRsaSign
Event: 13.335 loading class sun/security/rsa/SunRsaSign done
Event: 13.335 loading class sun/security/rsa/SunRsaSignEntries
Event: 13.335 loading class sun/security/rsa/SunRsaSignEntries done
Event: 13.336 loading class sun/security/ec/SunEC
Event: 13.336 loading class sun/security/ec/SunEC done


Dynamic libraries:
0x00007ff7f79f0000 - 0x00007ff7f7a21000 	F:\as\jre\bin\java.exe
0x00007ff8a06c0000 - 0x00007ff8a08a1000 	C:\WINDOWS\SYSTEM32\ntdll.dll
0x00007ff89da00000 - 0x00007ff89dab2000 	C:\WINDOWS\System32\KERNEL32.DLL
0x00007ff89cab0000 - 0x00007ff89cd23000 	C:\WINDOWS\System32\KERNELBASE.dll
0x00007ff89f4d0000 - 0x00007ff89f571000 	C:\WINDOWS\System32\ADVAPI32.dll
0x00007ff8a0170000 - 0x00007ff8a020e000 	C:\WINDOWS\System32\msvcrt.dll
0x00007ff8a0380000 - 0x00007ff8a03db000 	C:\WINDOWS\System32\sechost.dll
0x00007ff89fa00000 - 0x00007ff89fb24000 	C:\WINDOWS\System32\RPCRT4.dll
0x00007ff89f630000 - 0x00007ff89f7c0000 	C:\WINDOWS\System32\USER32.dll
0x00007ff89ca90000 - 0x00007ff89cab0000 	C:\WINDOWS\System32\win32u.dll
0x00007ff89fef0000 - 0x00007ff89ff18000 	C:\WINDOWS\System32\GDI32.dll
0x00007ff89cd30000 - 0x00007ff89cec2000 	C:\WINDOWS\System32\gdi32full.dll
0x00007ff89d8b0000 - 0x00007ff89d94f000 	C:\WINDOWS\System32\msvcp_win.dll
0x00007ff89d7b0000 - 0x00007ff89d8aa000 	C:\WINDOWS\System32\ucrtbase.dll
0x00007ff8915f0000 - 0x00007ff891859000 	C:\WINDOWS\WinSxS\amd64_microsoft.windows.common-controls_6595b64144ccf1df_6.0.17134.407_none_fb449d63306391e9\COMCTL32.dll
0x00007ff89fb30000 - 0x00007ff89fe52000 	C:\WINDOWS\System32\combase.dll
0x00007ff89ca10000 - 0x00007ff89ca8a000 	C:\WINDOWS\System32\bcryptPrimitives.dll
0x00007ff89f600000 - 0x00007ff89f62d000 	C:\WINDOWS\System32\IMM32.DLL
0x0000000073c70000 - 0x0000000073d42000 	F:\as\jre\jre\bin\msvcr100.dll
0x0000000070f70000 - 0x00000000717b1000 	F:\as\jre\jre\bin\server\jvm.dll
0x00007ff89c9e0000 - 0x00007ff89ca03000 	C:\WINDOWS\System32\WINMM.dll
0x00007ff89c760000 - 0x00007ff89c78a000 	C:\WINDOWS\System32\WINMMBASE.dll
0x00007ff89c7a0000 - 0x00007ff89c7e9000 	C:\WINDOWS\System32\cfgmgr32.dll
0x00007ff89f9f0000 - 0x00007ff89f9f8000 	C:\WINDOWS\System32\PSAPI.DLL
0x00007ff890bd0000 - 0x00007ff890bd9000 	C:\WINDOWS\SYSTEM32\WSOCK32.dll
0x00007ff89dad0000 - 0x00007ff89db3c000 	C:\WINDOWS\System32\WS2_32.dll
0x00007ff89b420000 - 0x00007ff89b42a000 	C:\WINDOWS\SYSTEM32\VERSION.dll
0x00007ff89b430000 - 0x00007ff89b43f000 	F:\as\jre\jre\bin\verify.dll
0x00007ff88ea20000 - 0x00007ff88ea49000 	F:\as\jre\jre\bin\java.dll
0x00007ff8913e0000 - 0x00007ff8913f6000 	F:\as\jre\jre\bin\zip.dll
0x00007ff89db40000 - 0x00007ff89ef7f000 	C:\WINDOWS\System32\SHELL32.dll
0x00007ff8a00c0000 - 0x00007ff8a0169000 	C:\WINDOWS\System32\shcore.dll
0x00007ff89cf80000 - 0x00007ff89d68d000 	C:\WINDOWS\System32\windows.storage.dll
0x00007ff89d9a0000 - 0x00007ff89d9f1000 	C:\WINDOWS\System32\shlwapi.dll
0x00007ff89c6f0000 - 0x00007ff89c701000 	C:\WINDOWS\System32\kernel.appcore.dll
0x00007ff89c730000 - 0x00007ff89c74f000 	C:\WINDOWS\System32\profapi.dll
0x00007ff89d950000 - 0x00007ff89d99c000 	C:\WINDOWS\System32\powrprof.dll
0x00007ff89c750000 - 0x00007ff89c75a000 	C:\WINDOWS\System32\FLTLIB.DLL
0x00007ff8906d0000 - 0x00007ff8906ea000 	F:\as\jre\jre\bin\net.dll
0x00007ff89bf70000 - 0x00007ff89bfd6000 	C:\WINDOWS\system32\mswsock.dll
0x00007ff88ec90000 - 0x00007ff88eca1000 	F:\as\jre\jre\bin\nio.dll
0x00007ff897a20000 - 0x00007ff897a3e000 	C:\Users\hf\.gradle\native\23\windows-amd64\native-platform.dll
0x00007ff89c120000 - 0x00007ff89c137000 	C:\WINDOWS\SYSTEM32\CRYPTSP.dll
0x00007ff89bb50000 - 0x00007ff89bb83000 	C:\WINDOWS\system32\rsaenh.dll
0x00007ff89c250000 - 0x00007ff89c275000 	C:\WINDOWS\SYSTEM32\bcrypt.dll
0x00007ff89c620000 - 0x00007ff89c648000 	C:\WINDOWS\SYSTEM32\USERENV.dll
0x00007ff89c140000 - 0x00007ff89c14b000 	C:\WINDOWS\SYSTEM32\CRYPTBASE.dll
0x00007ff89bcf0000 - 0x00007ff89bd28000 	C:\WINDOWS\SYSTEM32\IPHLPAPI.DLL
0x00007ff89dac0000 - 0x00007ff89dac8000 	C:\WINDOWS\System32\NSI.dll
0x00007ff8964b0000 - 0x00007ff8964c6000 	C:\WINDOWS\SYSTEM32\dhcpcsvc6.DLL
0x00007ff896490000 - 0x00007ff8964aa000 	C:\WINDOWS\SYSTEM32\dhcpcsvc.DLL
0x00007ff897df0000 - 0x00007ff897dfd000 	F:\as\jre\jre\bin\management.dll

VM Arguments:
jvm_args: -Xmx1536m -Dfile.encoding=GBK -Duser.country=CN -Duser.language=zh -Duser.variant 
java_command: org.gradle.launcher.daemon.bootstrap.GradleDaemon 3.3
java_class_path (initial): C:\Users\hf\.gradle\wrapper\dists\gradle-3.3-all\7nykk4k6egium8fkyx09av4va\gradle-3.3\lib\gradle-launcher-3.3.jar
Launcher Type: SUN_STANDARD

Environment Variables:
JAVA_HOME=F:\Program Files\Java\jdk1.8.0
CLASSPATH=.;F:\Program Files\Java\jdk1.8.0\lib\dt.jar;F:\Program Files\Java\jdk1.8.0\lib\tools.jar
PATH=C:\Program Files (x86)\Common Files\Oracle\Java\javapath;C:\WINDOWS\system32;C:\WINDOWS;C:\WINDOWS\System32\Wbem;C:\WINDOWS\System32\WindowsPowerShell\v1.0\;F:\Program Files\Java\jdk1.8.0\bin;F:\SDK\platform-tools;F:\Program Files\TortoiseGit\bin;f:\Program Files\MySQL\MySQL Server 5.5\bin;C:\WINDOWS\System32\OpenSSH\;F:\Program Files\TortoiseSVN\bin;F:\Program Files\Git\cmd;C:\Program Files\OpenVPN\bin;E:\apache-maven-3.3.9\bin;C:\Users\hf\AppData\Local\Microsoft\WindowsApps;;F:\Program Files\ssh;C:\Users\hf\AppData\Local\Programs\Microsoft VS Code\bin
USERNAME=hf
OS=Windows_NT
PROCESSOR_IDENTIFIER=Intel64 Family 6 Model 158 Stepping 9, GenuineIntel



---------------  S Y S T E M  ---------------

OS: Windows 10.0 , 64 bit Build 17134 (10.0.17134.1)

CPU:total 8 (initial active 8) (4 cores per cpu, 2 threads per core) family 6 model 158 stepping 9, cmov, cx8, fxsr, mmx, sse, sse2, sse3, ssse3, sse4.1, sse4.2, popcnt, avx, avx2, aes, clmul, erms, rtm, 3dnowpref, lzcnt, ht, tsc, tscinvbit, bmi1, bmi2, adx

Memory: 4k page, physical 16704048k(4728512k free), swap 67035696k(5568k free)

vm_info: OpenJDK 64-Bit Server VM (25.152-b06) for windows-amd64 JRE (1.8.0_152-release-1136-b06), built by "builder" with MS VC++ 10.0 (VS2010)

time: Fri Nov 30 16:09:58 2018
elapsed time: 13 seconds (0d 0h 0m 13s)

